<?xml version="1.0" encoding="UTF-8"?>
<!-- Generated by org.testng.reporters.JUnitReportReporter -->
<testsuite hostname="DESKTOP-VD74DVK" name="com.companyname.ModuleNameTest" tests="1" failures="0" timestamp="9 Apr 2020 10:37:11 GMT" time="0.106" errors="0">
  <testcase name="testCaceNameTest" time="0.106" classname="com.companyname.ModuleNameTest"/>
</testsuite> <!-- com.companyname.ModuleNameTest -->
